=== query_abc ===
a:
한국 131

b:
서울 938

c:
일본 114

c+b-a__0:
배 259
선종 20738
홍콩특별행정구 24377
야크 18962

=== query_likes ===
a:
일본 114

nearby_114, val=1.0:
일본 114

nearby_13312, val=0.275702:
세일러 문 13312

nearby_11469, val=0.271771:
추이 11469

nearby_42264, val=0.256423:
타네가시마 42264

nearby_19534, val=0.253829:
소아 19534

=== query_abc ===
a:
소설 894

b:
책 901

c:
가요 4874

c+b-a__0:
후렴구 12403
반기 6880
실력 639
삼자범퇴 32283

=== query_likes ===
a:
제목 979

nearby_979, val=1.0:
제목 979

nearby_45212, val=0.282349:
바이럴 마케팅 45212

nearby_21113, val=0.280179:
분광기 21113

nearby_7758, val=0.277478:
주황색 7758

nearby_14580, val=0.269608:
Zero 14580

